<?xml version="1.0" encoding="UTF-8"?>
<!-- Generated by org.testng.reporters.JUnitReportReporter -->
<testsuite hostname="weimin" name="danyuances.zhengchuTest" tests="1" failures="0" timestamp="29 Dec 2018 03:01:44 GMT" time="0.003" errors="0">
  <testcase name="chu" time="0.003" classname="danyuances.zhengchuTest"/>
</testsuite> <!-- danyuances.zhengchuTest -->
