<?xml version="1.0" encoding="UTF-8"?>
<!-- Generated by org.testng.reporters.JUnitReportReporter -->
<testsuite hostname="weimin" name="danyuances.yunsuanTesng" tests="4" failures="0" timestamp="29 Dec 2018 03:01:44 GMT" time="0.013" errors="0">
  <testcase name="div" time="0.002" classname="danyuances.yunsuanTesng"/>
  <testcase name="sub" time="0.003" classname="danyuances.yunsuanTesng"/>
  <testcase name="add" time="0.007" classname="danyuances.yunsuanTesng"/>
  <testcase name="ride" time="0.001" classname="danyuances.yunsuanTesng"/>
</testsuite> <!-- danyuances.yunsuanTesng -->
