<?xml version="1.0" encoding="UTF-8"?>
<!-- Generated by org.testng.reporters.JUnitReportReporter -->
<testsuite hostname="weimin" name="canshuhua.time" tests="1" failures="0" timestamp="2 Jan 2019 03:13:15 GMT" time="3.016" errors="0">
  <testcase name="dd" time="3.016" classname="canshuhua.time"/>
</testsuite> <!-- canshuhua.time -->
