<?xml version="1.0" encoding="UTF-8"?>
<!-- Generated by org.testng.reporters.JUnitReportReporter -->
<testsuite hostname="weimin" name="canshuhua.yunsuan" tests="3" failures="0" timestamp="2 Jan 2019 03:03:11 GMT" time="0.019" errors="0">
  <testcase name="size" time="0.012" classname="canshuhua.yunsuan"/>
  <testcase name="size" time="0.002" classname="canshuhua.yunsuan"/>
  <testcase name="size" time="0.005" classname="canshuhua.yunsuan"/>
</testsuite> <!-- canshuhua.yunsuan -->
