<?xml version="1.0" encoding="UTF-8"?>
<!-- Generated by org.testng.reporters.JUnitReportReporter -->
<testsuite hostname="weimin" name="canshuhua.yunsuanTesng" tests="2" failures="0" timestamp="2 Jan 2019 02:39:17 GMT" time="0.013" errors="0">
  <testcase name="sub" time="0.008" classname="canshuhua.yunsuanTesng"/>
  <testcase name="sub" time="0.005" classname="canshuhua.yunsuanTesng"/>
</testsuite> <!-- canshuhua.yunsuanTesng -->
